<?xml version="1.0" encoding="utf-8"?><testsuites name="pytest tests"><testsuite name="pytest" errors="0" failures="0" skipped="0" tests="6" time="3.480" timestamp="2026-07-02T09:25:05.416717+00:00" hostname="agent-env-c2a024a9-3a85-4f4b-b780-c83057755bbc"><testcase classname="tests.test_booking_conflicts.TestLayer1PendingConflict" name="test_second_booking_same_slot_blocked_409_pending_message" time="1.267" /><testcase classname="tests.test_booking_conflicts.TestLayer1PendingConflict" name="test_partial_overlap_pending_blocked" time="0.511" /><testcase classname="tests.test_booking_conflicts.TestLayer1ApprovedConflict" name="test_approved_conflict_message_differs" time="0.376" /><testcase classname="tests.test_booking_conflicts.TestMaxDuration" name="test_max_duration_blocks_when_enabled" time="0.261" /><testcase classname="tests.test_booking_conflicts.TestMaxDuration" name="test_max_duration_allows_when_disabled" time="0.358" /><testcase classname="tests.test_booking_conflicts.TestBookingsListHasCreatedAt" name="test_created_at_present_for_pending" time="0.457" /></testsuite></testsuites>